<?xml version="1.0" encoding="UTF-8"?>
<!-- Generated by org.testng.reporters.JUnitReportReporter -->
<testsuite hostname="IN-SMAHESHWARI" name="com.qa.test.TC01_loginApp" tests="2" failures="0" timestamp="16 Dec 2018 07:51:59 GMT" time="29.860" errors="0">
  <testcase name="LoginApp1" time="12.268" classname="com.qa.test.TC01_loginApp"/>
  <testcase name="LoginApp1" time="17.592" classname="com.qa.test.TC01_loginApp"/>
</testsuite> <!-- com.qa.test.TC01_loginApp -->
